#
# There is insufficient memory for the Java Runtime Environment to continue.
# Native memory allocation (malloc) failed to allocate 1048576 bytes for AllocateHeap
# Possible reasons:
#   The system is out of physical RAM or swap space
#   In 32 bit mode, the process size limit was hit
# Possible solutions:
#   Reduce memory load on the system
#   Increase physical memory or swap space
#   Check if swap backing store is full
#   Use 64 bit Java on a 64 bit OS
#   Decrease Java heap size (-Xmx/-Xms)
#   Decrease number of Java threads
#   Decrease Java thread stack sizes (-Xss)
#   Set larger code cache with -XX:ReservedCodeCacheSize=
# This output file may be truncated or incomplete.
#
#  Out of Memory Error (memory/allocation.inline.hpp:61), pid=1628, tid=0x000000000000226c
#
# JRE version:  (8.0_131-b11) (build )
# Java VM: Java HotSpot(TM) 64-Bit Server VM (25.131-b11 mixed mode windows-amd64 compressed oops)
# Failed to write core dump. Minidumps are not enabled by default on client versions of Windows
#

---------------  T H R E A D  ---------------

Current thread (0x000000000217e000):  JavaThread "Unknown thread" [_thread_in_vm, id=8812, stack(0x0000000002460000,0x0000000002560000)]

Stack: [0x0000000002460000,0x0000000002560000]
[error occurred during error reporting (printing stack bounds), id 0xc0000005]

Native frames: (J=compiled Java code, j=interpreted, Vv=VM code, C=native code)


---------------  P R O C E S S  ---------------

Java Threads: ( => current thread )

Other Threads:

=>0x000000000217e000 (exited) JavaThread "Unknown thread" [_thread_in_vm, id=8812, stack(0x0000000002460000,0x0000000002560000)]

VM state:not at safepoint (normal execution)

VM Mutex/Monitor currently owned by a thread: None

Heap:
 PSYoungGen      total 33280K, used 573K [0x00000000d5580000, 0x00000000d7a80000, 0x0000000100000000)
  eden space 28672K, 2% used [0x00000000d5580000,0x00000000d560f5d0,0x00000000d7180000)
  from space 4608K, 0% used [0x00000000d7600000,0x00000000d7600000,0x00000000d7a80000)
  to   space 4608K, 0% used [0x00000000d7180000,0x00000000d7180000,0x00000000d7600000)
 ParOldGen       total 76800K, used 0K [0x0000000080000000, 0x0000000084b00000, 0x00000000d5580000)
  object space 76800K, 0% used [0x0000000080000000,0x0000000080000000,0x0000000084b00000)
 Metaspace       used 770K, capacity 4480K, committed 4480K, reserved 1056768K
  class space    used 75K, capacity 384K, committed 384K, reserved 1048576K

Card table byte_map: [0x0000000011bf0000,0x0000000012000000] byte_map_base: 0x00000000117f0000

Marking Bits: (ParMarkBitMap*) 0x00000000702dc720
 Begin Bits: [0x0000000012850000, 0x0000000014850000)
 End Bits:   [0x0000000014850000, 0x0000000016850000)

Polling page: 0x0000000000340000

CodeCache: size=245760Kb used=327Kb max_used=327Kb free=245432Kb
 bounds [0x0000000002830000, 0x0000000002aa0000, 0x0000000011830000]
 total_blobs=57 nmethods=0 adapters=38
 compilation: enabled

Compilation events (0 events):
No events

GC Heap History (0 events):
No events

Deoptimization events (0 events):
No events

Internal exceptions (0 events):
No events

Events (10 events):
Event: 0.082 loading class java/lang/Short
Event: 0.083 loading class java/lang/Short done
Event: 0.083 loading class java/lang/Integer
Event: 0.083 loading class java/lang/Integer done
Event: 0.083 loading class java/lang/Long
Event: 0.083 loading class java/lang/Long done
Event: 0.084 loading class java/lang/NullPointerException
Event: 0.084 loading class java/lang/NullPointerException done
Event: 0.084 loading class java/lang/ArithmeticException
Event: 0.084 loading class java/lang/ArithmeticException done


Dynamic libraries:
0x000000013f7c0000 - 0x000000013f7f7000 	C:\Program Files\Java\jdk1.8.0_131\bin\java.exe
0x0000000077030000 - 0x00000000771d9000 	C:\Windows\SYSTEM32\ntdll.dll
0x000007feefca0000 - 0x000007feefcb4000 	C:\Program Files\AVAST Software\Avast\x64\aswhooka.dll
0x0000000076e10000 - 0x0000000076f2f000 	C:\Windows\system32\kernel32.dll
0x000007fefd130000 - 0x000007fefd19b000 	C:\Windows\system32\KERNELBASE.dll
0x000007feff260000 - 0x000007feff33b000 	C:\Windows\system32\ADVAPI32.dll
0x000007fefeba0000 - 0x000007fefec3f000 	C:\Windows\system32\msvcrt.dll
0x000007fefee60000 - 0x000007fefee7f000 	C:\Windows\SYSTEM32\sechost.dll
0x000007fefd9b0000 - 0x000007fefdadd000 	C:\Windows\system32\RPCRT4.dll
0x0000000076f30000 - 0x000000007702a000 	C:\Windows\system32\USER32.dll
0x000007fefd450000 - 0x000007fefd4b7000 	C:\Windows\system32\GDI32.dll
0x000007fefee80000 - 0x000007fefee8e000 	C:\Windows\system32\LPK.dll
0x000007feff190000 - 0x000007feff259000 	C:\Windows\system32\USP10.dll
0x000007fefb960000 - 0x000007fefbb54000 	C:\Windows\WinSxS\amd64_microsoft.windows.common-controls_6595b64144ccf1df_6.0.7601.17514_none_fa396087175ac9ac\COMCTL32.dll
0x000007fefd4c0000 - 0x000007fefd531000 	C:\Windows\system32\SHLWAPI.dll
0x000007feff070000 - 0x000007feff09e000 	C:\Windows\system32\IMM32.DLL
0x000007fefd540000 - 0x000007fefd649000 	C:\Windows\system32\MSCTF.dll
0x000000005cb70000 - 0x000000005cc42000 	C:\Program Files\Java\jdk1.8.0_131\jre\bin\msvcr100.dll
0x000000006fac0000 - 0x000000007035c000 	C:\Program Files\Java\jdk1.8.0_131\jre\bin\server\jvm.dll
0x000007fee5390000 - 0x000007fee5399000 	C:\Windows\system32\WSOCK32.dll
0x000007feff0a0000 - 0x000007feff0ed000 	C:\Windows\system32\WS2_32.dll
0x000007fefee50000 - 0x000007fefee58000 	C:\Windows\system32\NSI.dll
0x000007fefa7f0000 - 0x000007fefa82b000 	C:\Windows\system32\WINMM.dll
0x000007fefbed0000 - 0x000007fefbedc000 	C:\Windows\system32\VERSION.dll
0x00000000771f0000 - 0x00000000771f7000 	C:\Windows\system32\PSAPI.DLL
0x0000000070760000 - 0x000000007076f000 	C:\Program Files\Java\jdk1.8.0_131\jre\bin\verify.dll
0x000000005d680000 - 0x000000005d6a9000 	C:\Program Files\Java\jdk1.8.0_131\jre\bin\java.dll
0x000000005da20000 - 0x000000005da36000 	C:\Program Files\Java\jdk1.8.0_131\jre\bin\zip.dll

VM Arguments:
jvm_args: -Xmx2048M -Dcom.android.sdkmanager.toolsdir=C:/Program Files (x86)/Android/android-sdk\tools -Dfile.encoding=UTF8 
java_command: C:\Program Files\Unity\Editor\Data\PlaybackEngines\AndroidPlayer/Tools\sdktools.jar -
java_class_path (initial): C:\Program Files\Unity\Editor\Data\PlaybackEngines\AndroidPlayer/Tools\sdktools.jar
Launcher Type: SUN_STANDARD

Environment Variables:
PATH=C:\Windows\system32;C:\Windows;C:\Windows\System32\Wbem;C:\Windows\system32\config\systemprofile\.dnx\bin;C:\Program Files\Microsoft DNX\Dnvm\;C:\Program Files\Microsoft SQL Server\130\Tools\Binn\;C:\Program Files (x86)\Microsoft SQL Server\Client SDK\ODBC\130\Tools\Binn\;C:\Program Files (x86)\Microsoft SQL Server\130\Tools\Binn\;C:\Program Files (x86)\Microsoft SQL Server\130\DTS\Binn\;C:\Program Files (x86)\Microsoft SQL Server\130\Tools\Binn\ManagementStudio\;C:\Program Files (x86)\GtkSharp\2.12\bin;C:\Program Files (x86)\Skype\Phone\;C:\Program Files\TortoiseGit\bin;C:\Program Files\dotnet\;C:\Program Files\Git\cmd;C:\Windows\System32\WindowsPowerShell\v1.0\;C:\Program Files\Microsoft VS Code\bin;C:\Program Files\nodejs\;C:\Program Files (x86)\Rico Suter\NSwagStudio\;C:\Users\Rumpel\AppData\Roaming\npm
USERNAME=Rumpel
OS=Windows_NT
PROCESSOR_IDENTIFIER=AMD64 Family 21 Model 48 Stepping 1, AuthenticAMD



---------------  S Y S T E M  ---------------

OS: Windows 7 , 64 bit Build 7601 (6.1.7601.18015)

CPU:total 4 (initial active 4) (4 cores per cpu, 1 threads per core) family 21 model 48 stepping 1, cmov, cx8, fxsr, mmx, sse, sse2, sse3, ssse3, sse4.1, sse4.2, popcnt, avx, aes, clmul, mmxext, 3dnowpref, lzcnt, sse4a, tsc, tscinvbit, tscinv, bmi1

Memory: 4k page, physical 7292872k(764504k free), swap 8401264k(5296k free)

vm_info: Java HotSpot(TM) 64-Bit Server VM (25.131-b11) for windows-amd64 JRE (1.8.0_131-b11), built on Mar 15 2017 01:23:53 by "java_re" with MS VC++ 10.0 (VS2010)

time: Mon Oct 29 22:46:19 2018
elapsed time: 0 seconds (0d 0h 0m 0s)

